C:\Program Files (x86)\NVIDIA Corporation\OptiX SDK 3.0.1\SDK\builder2 - Copy\tutorial\tutorial.dir\Debug\cl.command.1.tlog
C:\Program Files (x86)\NVIDIA Corporation\OptiX SDK 3.0.1\SDK\builder2 - Copy\tutorial\tutorial.dir\Debug\CL.read.1.tlog
C:\Program Files (x86)\NVIDIA Corporation\OptiX SDK 3.0.1\SDK\builder2 - Copy\tutorial\tutorial.dir\Debug\CL.write.1.tlog
C:\Program Files (x86)\NVIDIA Corporation\OptiX SDK 3.0.1\SDK\builder2 - Copy\tutorial\tutorial.dir\Debug\custombuild.command.1.tlog
C:\Program Files (x86)\NVIDIA Corporation\OptiX SDK 3.0.1\SDK\builder2 - Copy\tutorial\tutorial.dir\Debug\custombuild.read.1.tlog
C:\Program Files (x86)\NVIDIA Corporation\OptiX SDK 3.0.1\SDK\builder2 - Copy\tutorial\tutorial.dir\Debug\custombuild.write.1.tlog
C:\Program Files (x86)\NVIDIA Corporation\OptiX SDK 3.0.1\SDK\builder2 - Copy\tutorial\tutorial.dir\Debug\GraphicsFinal.write.1.tlog
C:\Program Files (x86)\NVIDIA Corporation\OptiX SDK 3.0.1\SDK\builder2 - Copy\tutorial\tutorial.dir\Debug\link.10300.read.1.tlog
C:\Program Files (x86)\NVIDIA Corporation\OptiX SDK 3.0.1\SDK\builder2 - Copy\tutorial\tutorial.dir\Debug\link.10300.write.1.tlog
C:\Program Files (x86)\NVIDIA Corporation\OptiX SDK 3.0.1\SDK\builder2 - Copy\tutorial\tutorial.dir\Debug\link.10300-cvtres.read.1.tlog
C:\Program Files (x86)\NVIDIA Corporation\OptiX SDK 3.0.1\SDK\builder2 - Copy\tutorial\tutorial.dir\Debug\link.10300-cvtres.write.1.tlog
C:\Program Files (x86)\NVIDIA Corporation\OptiX SDK 3.0.1\SDK\builder2 - Copy\tutorial\tutorial.dir\Debug\link.14240.read.1.tlog
C:\Program Files (x86)\NVIDIA Corporation\OptiX SDK 3.0.1\SDK\builder2 - Copy\tutorial\tutorial.dir\Debug\link.14240.write.1.tlog
C:\Program Files (x86)\NVIDIA Corporation\OptiX SDK 3.0.1\SDK\builder2 - Copy\tutorial\tutorial.dir\Debug\link.14240-cvtres.read.1.tlog
C:\Program Files (x86)\NVIDIA Corporation\OptiX SDK 3.0.1\SDK\builder2 - Copy\tutorial\tutorial.dir\Debug\link.14240-cvtres.write.1.tlog
C:\Program Files (x86)\NVIDIA Corporation\OptiX SDK 3.0.1\SDK\builder2 - Copy\tutorial\tutorial.dir\Debug\link.command.1.tlog
C:\Program Files (x86)\NVIDIA Corporation\OptiX SDK 3.0.1\SDK\builder2 - Copy\tutorial\tutorial.dir\Debug\link.read.1.tlog
C:\Program Files (x86)\NVIDIA Corporation\OptiX SDK 3.0.1\SDK\builder2 - Copy\tutorial\tutorial.dir\Debug\link.write.1.tlog
C:\Program Files (x86)\NVIDIA Corporation\OptiX SDK 3.0.1\SDK\builder2 - Copy\tutorial\tutorial.dir\Debug\link-cvtres.read.1.tlog
C:\Program Files (x86)\NVIDIA Corporation\OptiX SDK 3.0.1\SDK\builder2 - Copy\tutorial\tutorial.dir\Debug\link-cvtres.write.1.tlog
C:\Program Files (x86)\NVIDIA Corporation\OptiX SDK 3.0.1\SDK\builder2 - Copy\tutorial\tutorial.dir\Debug\mt.command.1.tlog
C:\Program Files (x86)\NVIDIA Corporation\OptiX SDK 3.0.1\SDK\builder2 - Copy\tutorial\tutorial.dir\Debug\mt.read.1.tlog
C:\Program Files (x86)\NVIDIA Corporation\OptiX SDK 3.0.1\SDK\builder2 - Copy\tutorial\tutorial.dir\Debug\mt.write.1.tlog
C:\Program Files (x86)\NVIDIA Corporation\OptiX SDK 3.0.1\SDK\builder2 - Copy\tutorial\tutorial.dir\Debug\rc.command.1.tlog
C:\Program Files (x86)\NVIDIA Corporation\OptiX SDK 3.0.1\SDK\builder2 - Copy\tutorial\tutorial.dir\Debug\rc.read.1.tlog
C:\Program Files (x86)\NVIDIA Corporation\OptiX SDK 3.0.1\SDK\builder2 - Copy\tutorial\tutorial.dir\Debug\rc.write.1.tlog
C:\Program Files (x86)\NVIDIA Corporation\OptiX SDK 3.0.1\SDK\builder2 - Copy\tutorial\tutorial.dir\Debug\tutorial.exe.embed.manifest
C:\PROGRAM FILES (X86)\NVIDIA CORPORATION\OPTIX SDK 3.0.1\SDK\BUILDER2 - COPY\TUTORIAL\TUTORIAL.DIR\DEBUG\TUTORIAL.EXE.EMBED.MANIFEST.RES
C:\PROGRAM FILES (X86)\NVIDIA CORPORATION\OPTIX SDK 3.0.1\SDK\BUILDER2 - COPY\TUTORIAL\TUTORIAL.DIR\DEBUG\TUTORIAL.EXE.INTERMEDIATE.MANIFEST
C:\PROGRAM FILES (X86)\NVIDIA CORPORATION\OPTIX SDK 3.0.1\SDK\BUILDER2 - COPY\TUTORIAL\TUTORIAL.DIR\DEBUG\TUTORIAL.OBJ
C:\Program Files (x86)\NVIDIA Corporation\OptiX SDK 3.0.1\SDK\builder2 - Copy\tutorial\tutorial.dir\Debug\tutorial.write.1.tlog
C:\Program Files (x86)\NVIDIA Corporation\OptiX SDK 3.0.1\SDK\builder2 - Copy\tutorial\tutorial.dir\Debug\tutorial_manifest.rc
C:\PROGRAM FILES (X86)\NVIDIA CORPORATION\OPTIX SDK 3.0.1\SDK\BUILDER2 - COPY\TUTORIAL\TUTORIAL.DIR\DEBUG\VC100.PDB
C:\PROGRAM FILES (X86)\NVIDIA CORPORATION\OPTIX SDK 3.0.1\SDK\BUILDER2\BIN\DEBUG\TUTORIAL.EXE
C:\PROGRAM FILES (X86)\NVIDIA CORPORATION\OPTIX SDK 3.0.1\SDK\BUILDER2\BIN\DEBUG\TUTORIAL.ILK
C:\PROGRAM FILES (X86)\NVIDIA CORPORATION\OPTIX SDK 3.0.1\SDK\BUILDER2\BIN\DEBUG\TUTORIAL.PDB
C:\PROGRAM FILES (X86)\NVIDIA CORPORATION\OPTIX SDK 3.0.1\SDK\BUILDER2\LIB\PTX\TUTORIAL_GENERATED_BOX.CU.PTX
C:\PROGRAM FILES (X86)\NVIDIA CORPORATION\OPTIX SDK 3.0.1\SDK\BUILDER2\LIB\PTX\TUTORIAL_GENERATED_PARALLELOGRAM.CU.PTX
C:\PROGRAM FILES (X86)\NVIDIA CORPORATION\OPTIX SDK 3.0.1\SDK\BUILDER2\LIB\PTX\TUTORIAL_GENERATED_TUTORIAL0.CU.PTX
C:\PROGRAM FILES (X86)\NVIDIA CORPORATION\OPTIX SDK 3.0.1\SDK\BUILDER2\LIB\PTX\TUTORIAL_GENERATED_TUTORIAL1.CU.PTX
C:\PROGRAM FILES (X86)\NVIDIA CORPORATION\OPTIX SDK 3.0.1\SDK\BUILDER2\LIB\PTX\TUTORIAL_GENERATED_TUTORIAL10.CU.PTX
C:\PROGRAM FILES (X86)\NVIDIA CORPORATION\OPTIX SDK 3.0.1\SDK\BUILDER2\LIB\PTX\TUTORIAL_GENERATED_TUTORIAL11.CU.PTX
C:\PROGRAM FILES (X86)\NVIDIA CORPORATION\OPTIX SDK 3.0.1\SDK\BUILDER2\LIB\PTX\TUTORIAL_GENERATED_TUTORIAL2.CU.PTX
C:\PROGRAM FILES (X86)\NVIDIA CORPORATION\OPTIX SDK 3.0.1\SDK\BUILDER2\LIB\PTX\TUTORIAL_GENERATED_TUTORIAL3.CU.PTX
C:\PROGRAM FILES (X86)\NVIDIA CORPORATION\OPTIX SDK 3.0.1\SDK\BUILDER2\LIB\PTX\TUTORIAL_GENERATED_TUTORIAL4.CU.PTX
C:\PROGRAM FILES (X86)\NVIDIA CORPORATION\OPTIX SDK 3.0.1\SDK\BUILDER2\LIB\PTX\TUTORIAL_GENERATED_TUTORIAL5.CU.PTX
C:\PROGRAM FILES (X86)\NVIDIA CORPORATION\OPTIX SDK 3.0.1\SDK\BUILDER2\LIB\PTX\TUTORIAL_GENERATED_TUTORIAL6.CU.PTX
C:\PROGRAM FILES (X86)\NVIDIA CORPORATION\OPTIX SDK 3.0.1\SDK\BUILDER2\LIB\PTX\TUTORIAL_GENERATED_TUTORIAL7.CU.PTX
C:\PROGRAM FILES (X86)\NVIDIA CORPORATION\OPTIX SDK 3.0.1\SDK\BUILDER2\LIB\PTX\TUTORIAL_GENERATED_TUTORIAL8.CU.PTX
C:\PROGRAM FILES (X86)\NVIDIA CORPORATION\OPTIX SDK 3.0.1\SDK\BUILDER2\LIB\PTX\TUTORIAL_GENERATED_TUTORIAL9.CU.PTX
C:\PROGRAM FILES (X86)\NVIDIA CORPORATION\OPTIX SDK 3.0.1\SDK\BUILDER2\TUTORIAL\CMAKEFILES\GENERATE.STAMP
C:\PROGRAM FILES (X86)\NVIDIA CORPORATION\OPTIX SDK 3.0.1\SDK\BUILDER2\TUTORIAL\TUTORIAL.DIR\DEBUG\TUTORIAL.EXE.EMBED.MANIFEST
C:\PROGRAM FILES (X86)\NVIDIA CORPORATION\OPTIX SDK 3.0.1\SDK\BUILDER2\TUTORIAL\TUTORIAL.DIR\DEBUG\TUTORIAL.EXE.EMBED.MANIFEST.RES
